#
# There is insufficient memory for the Java Runtime Environment to continue.
# Native memory allocation (mmap) failed to map 266338304 bytes. Error detail: G1 virtual space
# Possible reasons:
#   The system is out of physical RAM or swap space
#   This process is running with CompressedOops enabled, and the Java Heap may be blocking the growth of the native heap
# Possible solutions:
#   Reduce memory load on the system
#   Increase physical memory or swap space
#   Check if swap backing store is full
#   Decrease Java heap size (-Xmx/-Xms)
#   Decrease number of Java threads
#   Decrease Java thread stack sizes (-Xss)
#   Set larger code cache with -XX:ReservedCodeCacheSize=
#   JVM is running with Zero Based Compressed Oops mode in which the Java heap is
#     placed in the first 32GB address space. The Java Heap base address is the
#     maximum limit for the native heap growth. Please use -XX:HeapBaseMinAddress
#     to set the Java Heap base and to place the Java Heap above 32GB virtual address.
# This output file may be truncated or incomplete.
#
#  Out of Memory Error (os_windows.cpp:3631), pid=16436, tid=8236
#
# JRE version:  (22.0.1+8) (build )
# Java VM: Java HotSpot(TM) 64-Bit Server VM (22.0.1+8-16, mixed mode, sharing, tiered, compressed oops, compressed class ptrs, g1 gc, windows-amd64)
# No core dump will be written. Minidumps are not enabled by default on client versions of Windows
#

---------------  S U M M A R Y ------------

Command Line: -XX:+ShowCodeDetailsInExceptionMessages App

Host: Intel(R) Core(TM) i5-8400 CPU @ 2.80GHz, 6 cores, 15G,  Windows 11 , 64 bit Build 22621 (10.0.22621.4391)
Time: Mon Nov  4 19:59:32 2024 Hora estándar romance elapsed time: 0.016185 seconds (0d 0h 0m 0s)

---------------  T H R E A D  ---------------

Current thread (0x0000021633c5b570):  JavaThread "Unknown thread" [_thread_in_vm, id=8236, stack(0x0000007df2700000,0x0000007df2800000) (1024K)]

Stack: [0x0000007df2700000,0x0000007df2800000]
Native frames: (J=compiled Java code, j=interpreted, Vv=VM code, C=native code)
V  [jvm.dll+0x6e2279]  (no source info available)
V  [jvm.dll+0x874e33]  (no source info available)
V  [jvm.dll+0x87725e]  (no source info available)
V  [jvm.dll+0x877933]  (no source info available)
V  [jvm.dll+0x27fd76]  (no source info available)
V  [jvm.dll+0x6de915]  (no source info available)
V  [jvm.dll+0x6d341a]  (no source info available)
V  [jvm.dll+0x3589da]  (no source info available)
V  [jvm.dll+0x360f06]  (no source info available)
V  [jvm.dll+0x3b3e2e]  (no source info available)
V  [jvm.dll+0x3b40d8]  (no source info available)
V  [jvm.dll+0x32c59c]  (no source info available)
V  [jvm.dll+0x32d158]  (no source info available)
V  [jvm.dll+0x83ccdc]  (no source info available)
V  [jvm.dll+0x3c0d71]  (no source info available)
V  [jvm.dll+0x825ccc]  (no source info available)
V  [jvm.dll+0x45b8fe]  (no source info available)
V  [jvm.dll+0x45d781]  (no source info available)
C  [jli.dll+0x52a3]  (no source info available)
C  [ucrtbase.dll+0x29333]  (no source info available)
C  [KERNEL32.DLL+0x1259d]  (no source info available)
C  [ntdll.dll+0x5af38]  (no source info available)


---------------  P R O C E S S  ---------------

Threads class SMR info:
_java_thread_list=0x00007fff5c9cb1c8, length=0, elements={
}

Java Threads: ( => current thread )
Total: 0

Other Threads:
  0x0000021635f6ff20 WorkerThread "GC Thread#0"                     [id=776, stack(0x0000007df2800000,0x0000007df2900000) (1024K)]
  0x0000021635f81d50 ConcurrentGCThread "G1 Main Marker"            [id=7632, stack(0x0000007df2900000,0x0000007df2a00000) (1024K)]
  0x0000021635f82860 WorkerThread "G1 Conc#0"                       [id=10312, stack(0x0000007df2a00000,0x0000007df2b00000) (1024K)]

[error occurred during error reporting (printing all threads), id 0xc0000005, EXCEPTION_ACCESS_VIOLATION (0xc0000005) at pc=0x00007fff5c11f367]
VM state: not at safepoint (not fully initialized)

VM Mutex/Monitor currently owned by a thread:  ([mutex/lock_event])
[0x00007fff5ca4bcb8] Heap_lock - owner thread: 0x0000021633c5b570

Heap address: 0x0000000703800000, size: 4040 MB, Compressed Oops mode: Zero based, Oop shift amount: 3

CDS archive(s) mapped at: [0x0000000000000000-0x0000000000000000-0x0000000000000000), size 0, SharedBaseAddress: 0x0000000800000000, ArchiveRelocationMode: 1.
Narrow klass base: 0x0000000000000000, Narrow klass shift: 0, Narrow klass range: 0x0

GC Precious Log:
 CardTable entry size: 512
 Card Set container configuration: InlinePtr #cards 4 size 8 Array Of Cards #cards 16 size 48 Howl #buckets 8 coarsen threshold 3686 Howl Bitmap #cards 512 size 80 coarsen threshold 460 Card regions per heap region 1 cards per card region 4096

Heap:
 garbage-first heap   total reserved 4136960K, committed 0K, used 0K [0x0000000703800000, 0x0000000800000000)
  region size 2048K, 0 young (0K), 0 survivors (0K)

[error occurred during error reporting (printing heap information), id 0xc0000005, EXCEPTION_ACCESS_VIOLATION (0xc0000005) at pc=0x00007fff5c51e429]
GC Heap History (0 events):
No events

Dll operation events (1 events):
Event: 0.009 Loaded shared library C:\Program Files\Java\jdk-22\bin\java.dll

Deoptimization events (0 events):
No events

Classes loaded (0 events):
No events

Classes unloaded (0 events):
No events

Classes redefined (0 events):
No events

Internal exceptions (0 events):
No events

ZGC Phase Switch (0 events):
No events

VM Operations (0 events):
No events

Events (0 events):
No events


Dynamic libraries:
0x00007ff75a940000 - 0x00007ff75a950000 	C:\Program Files\Java\jdk-22\bin\java.exe
0x00007fff9ec70000 - 0x00007fff9ee87000 	C:\Windows\SYSTEM32\ntdll.dll
0x00007fff9ccc0000 - 0x00007fff9cd84000 	C:\Windows\System32\KERNEL32.DLL
0x00007fff9c480000 - 0x00007fff9c839000 	C:\Windows\System32\KERNELBASE.dll
0x00007fff9c200000 - 0x00007fff9c311000 	C:\Windows\System32\ucrtbase.dll
0x00007fff78a80000 - 0x00007fff78a97000 	C:\Program Files\Java\jdk-22\bin\jli.dll
0x00007fff9cc00000 - 0x00007fff9ccb2000 	C:\Windows\System32\ADVAPI32.dll
0x00007fff9d7c0000 - 0x00007fff9d867000 	C:\Windows\System32\msvcrt.dll
0x00007fff9e7f0000 - 0x00007fff9e897000 	C:\Windows\System32\sechost.dll
0x00007fff9c840000 - 0x00007fff9c868000 	C:\Windows\System32\bcrypt.dll
0x00007fff78a60000 - 0x00007fff78a7b000 	C:\Program Files\Java\jdk-22\bin\VCRUNTIME140.dll
0x00007fff9d610000 - 0x00007fff9d724000 	C:\Windows\System32\RPCRT4.dll
0x00007fff9d880000 - 0x00007fff9da2e000 	C:\Windows\System32\USER32.dll
0x00007fff9c450000 - 0x00007fff9c476000 	C:\Windows\System32\win32u.dll
0x00007fff71960000 - 0x00007fff71bf2000 	C:\Windows\WinSxS\amd64_microsoft.windows.common-controls_6595b64144ccf1df_6.0.22621.4391_none_2715d37f73803e96\COMCTL32.dll
0x00007fff9cf50000 - 0x00007fff9cf79000 	C:\Windows\System32\GDI32.dll
0x00007fff9c870000 - 0x00007fff9c98b000 	C:\Windows\System32\gdi32full.dll
0x00007fff9bf70000 - 0x00007fff9c00a000 	C:\Windows\System32\msvcp_win.dll
0x00007fff97000000 - 0x00007fff9700a000 	C:\Windows\SYSTEM32\VERSION.dll
0x00007fff9cab0000 - 0x00007fff9cae1000 	C:\Windows\System32\IMM32.DLL
0x00007fff969f0000 - 0x00007fff969fc000 	C:\Program Files\Java\jdk-22\bin\vcruntime140_1.dll
0x00007fff66fc0000 - 0x00007fff6704e000 	C:\Program Files\Java\jdk-22\bin\msvcp140.dll
0x00007fff5bde0000 - 0x00007fff5cb27000 	C:\Program Files\Java\jdk-22\bin\server\jvm.dll
0x00007fff9cb80000 - 0x00007fff9cbf1000 	C:\Windows\System32\WS2_32.dll
0x00007fff8f170000 - 0x00007fff8f1a4000 	C:\Windows\SYSTEM32\WINMM.dll
0x00007fff9be40000 - 0x00007fff9be8d000 	C:\Windows\SYSTEM32\POWRPROF.dll
0x00007fff9be20000 - 0x00007fff9be33000 	C:\Windows\SYSTEM32\UMPDC.dll
0x00007fff9af70000 - 0x00007fff9af88000 	C:\Windows\SYSTEM32\kernel.appcore.dll
0x00007fff8eee0000 - 0x00007fff8eeea000 	C:\Program Files\Java\jdk-22\bin\jimage.dll
0x00007fff87ed0000 - 0x00007fff88102000 	C:\Windows\SYSTEM32\DBGHELP.DLL
0x00007fff9e8a0000 - 0x00007fff9ec2f000 	C:\Windows\System32\combase.dll
0x00007fff9e580000 - 0x00007fff9e657000 	C:\Windows\System32\OLEAUT32.dll
0x00007fff87b80000 - 0x00007fff87bb2000 	C:\Windows\SYSTEM32\dbgcore.DLL
0x00007fff9c010000 - 0x00007fff9c08b000 	C:\Windows\System32\bcryptPrimitives.dll
0x00007fff769c0000 - 0x00007fff769de000 	C:\Program Files\Java\jdk-22\bin\java.dll
0x00007fff9dc50000 - 0x00007fff9e4c6000 	C:\Windows\System32\SHELL32.dll
0x00007fff9cf80000 - 0x00007fff9d125000 	C:\Windows\System32\ole32.dll

dbghelp: loaded successfully - version: 4.0.5 - missing functions: none
symbol engine: initialized successfully - sym options: 0x614 - pdb path: .;C:\Program Files\Java\jdk-22\bin;C:\Windows\SYSTEM32;C:\Windows\WinSxS\amd64_microsoft.windows.common-controls_6595b64144ccf1df_6.0.22621.4391_none_2715d37f73803e96;C:\Program Files\Java\jdk-22\bin\server

VM Arguments:
jvm_args: -XX:+ShowCodeDetailsInExceptionMessages 
java_command: App
java_class_path (initial): C:\Users\nocturno\Desktop\GS\programacion\JAVA\ejercicios\TEMA 5\eje9\bin
Launcher Type: SUN_STANDARD

[Global flags]
     intx CICompilerCount                          = 3                                         {product} {ergonomic}
     uint ConcGCThreads                            = 2                                         {product} {ergonomic}
     uint G1ConcRefinementThreads                  = 6                                         {product} {ergonomic}
   size_t G1HeapRegionSize                         = 2097152                                   {product} {ergonomic}
   size_t InitialHeapSize                          = 266338304                                 {product} {ergonomic}
   size_t MarkStackSize                            = 4194304                                   {product} {ergonomic}
   size_t MaxHeapSize                              = 4236247040                                {product} {ergonomic}
   size_t MinHeapDeltaBytes                        = 2097152                                   {product} {ergonomic}
   size_t MinHeapSize                              = 8388608                                   {product} {ergonomic}
    uintx NonNMethodCodeHeapSize                   = 5832780                                {pd product} {ergonomic}
    uintx NonProfiledCodeHeapSize                  = 122912730                              {pd product} {ergonomic}
    uintx ProfiledCodeHeapSize                     = 122912730                              {pd product} {ergonomic}
    uintx ReservedCodeCacheSize                    = 251658240                              {pd product} {ergonomic}
     bool SegmentedCodeCache                       = true                                      {product} {ergonomic}
     bool ShowCodeDetailsInExceptionMessages       = true                                   {manageable} {command line}
   size_t SoftMaxHeapSize                          = 4236247040                             {manageable} {ergonomic}
     bool UseCompressedOops                        = true                           {product lp64_product} {ergonomic}
     bool UseG1GC                                  = true                                      {product} {ergonomic}
     bool UseLargePagesIndividualAllocation        = false                                  {pd product} {ergonomic}

Logging:
Log output configuration:
 #0: stdout all=warning uptime,level,tags foldmultilines=false
 #1: stderr all=off uptime,level,tags foldmultilines=false

Environment Variables:
JAVA_HOME=C:\Program Files\Java\jdk-22
CLASSPATH=.;C:\misclases
PATH=C:\Program Files\Common Files\Oracle\Java\javapath;C:\Program Files\Eclipse Adoptium\jre-21.0.3.9-hotspot\bin;C:\Program Files\Eclipse Adoptium\jdk-21.0.3.9-hotspot\bin;C:\Windows\system32;C:\Windows;C:\Windows\System32\Wbem;C:\Windows\System32\WindowsPowerShell\v1.0\;C:\Windows\System32\OpenSSH\;C:\Program Files\Microsoft VS Code\bin;C:\Program Files\Git\cmd;C:\Program Files (x86)\Microsoft SQL Server\160\Tools\Binn\;C:\Program Files\Microsoft SQL Server\160\Tools\Binn\;C:\Program Files\Microsoft SQL Server\Client SDK\ODBC\170\Tools\Binn\;C:\Program Files\Microsoft SQL Server\160\DTS\Binn\;C:\Program Files (x86)\Microsoft SQL Server\160\DTS\Binn\;C:\Program Files\Java\jdk-22\bin;C:\Program Files\apache-maven-3.9.6\bin;C:\Users\nocturno\AppData\Local\Microsoft\WindowsApps;
USERNAME=nocturno
LANG=es_ES.UTF-8
OS=Windows_NT
PROCESSOR_IDENTIFIER=Intel64 Family 6 Model 158 Stepping 10, GenuineIntel
TMP=C:\Users\nocturno\AppData\Local\Temp
TEMP=C:\Users\nocturno\AppData\Local\Temp




Periodic native trim disabled

---------------  S Y S T E M  ---------------

OS:
 Windows 11 , 64 bit Build 22621 (10.0.22621.4391)
OS uptime: 7 days 0:01 hours
Hyper-V role detected

CPU: total 6 (initial active 6) (6 cores per cpu, 1 threads per core) family 6 model 158 stepping 10 microcode 0xf6, cx8, cmov, fxsr, mmx, 3dnowpref, sse, sse2, sse3, ssse3, sse4.1, sse4.2, popcnt, lzcnt, tsc, tscinvbit, avx, avx2, aes, erms, clmul, bmi1, bmi2, adx, fma, vzeroupper, clflush, clflushopt, hv, rdtscp, f16c
Processor Information for all 6 processors :
  Max Mhz: 2808, Current Mhz: 2808, Mhz Limit: 2808

Memory: 4k page, system-wide physical 16158M (4073M free)
TotalPageFile size 46988M (AvailPageFile size 161M)
current process WorkingSet (physical memory assigned to process): 12M, peak: 12M
current process commit charge ("private bytes"): 56M, peak: 310M

vm_info: Java HotSpot(TM) 64-Bit Server VM (22.0.1+8-16) for windows-amd64 JRE (22.0.1+8-16), built on 2024-03-12T10:33:16Z by "mach5one" with MS VC++ 17.6 (VS2022)

END.
