#
# There is insufficient memory for the Java Runtime Environment to continue.
# Native memory allocation (malloc) failed to allocate 831264 bytes. Error detail: Chunk::new
# Possible reasons:
#   The system is out of physical RAM or swap space
#   This process is running with CompressedOops enabled, and the Java Heap may be blocking the growth of the native heap
# Possible solutions:
#   Reduce memory load on the system
#   Increase physical memory or swap space
#   Check if swap backing store is full
#   Decrease Java heap size (-Xmx/-Xms)
#   Decrease number of Java threads
#   Decrease Java thread stack sizes (-Xss)
#   Set larger code cache with -XX:ReservedCodeCacheSize=
#   JVM is running with Unscaled Compressed Oops mode in which the Java heap is
#     placed in the first 4GB address space. The Java Heap base address is the
#     maximum limit for the native heap growth. Please use -XX:HeapBaseMinAddress
#     to set the Java Heap base and to place the Java Heap above 4GB virtual address.
# This output file may be truncated or incomplete.
#
#  Out of Memory Error (arena.cpp:191), pid=12684, tid=19352
#
# JRE version: OpenJDK Runtime Environment Temurin-17.0.13+11 (17.0.13+11) (build 17.0.13+11)
# Java VM: OpenJDK 64-Bit Server VM Temurin-17.0.13+11 (17.0.13+11, mixed mode, tiered, compressed oops, compressed class ptrs, parallel gc, windows-amd64)
# No core dump will be written. Minidumps are not enabled by default on client versions of Windows
#

---------------  S U M M A R Y ------------

Command Line: --add-modules=ALL-SYSTEM --add-opens=java.base/java.util=ALL-UNNAMED --add-opens=java.base/java.lang=ALL-UNNAMED --add-opens=java.base/sun.nio.fs=ALL-UNNAMED -Declipse.application=org.eclipse.jdt.ls.core.id1 -Dosgi.bundles.defaultStartLevel=4 -Declipse.product=org.eclipse.jdt.ls.core.product -Djava.import.generatesMetadataFilesAtProjectRoot=false -DDetectVMInstallationsJob.disabled=true -Dfile.encoding=utf8 -XX:+UseParallelGC -XX:GCTimeRatio=4 -XX:AdaptiveSizePolicyWeight=90 -Dsun.zip.disableMemoryMapping=true -Xmx1G -Xms100m -Xlog:disable -javaagent:c:\Users\nocturno\.vscode\extensions\redhat.java-1.36.0-win32-x64\lombok\lombok-1.18.35.jar c:\Users\nocturno\.vscode\extensions\redhat.java-1.36.0-win32-x64\server\plugins\org.eclipse.equinox.launcher_1.6.900.v20240613-2009.jar -configuration c:\Users\nocturno\AppData\Roaming\Code\User\globalStorage\redhat.java\1.36.0\config_ss_win -data c:\Users\nocturno\AppData\Roaming\Code\User\workspaceStorage\24a6e6e2739c89c545cd9c7cf086ad31\redhat.java\ss_ws --pipe=\\.\pipe\lsp-415d298c51124b8bfb2f2feba95f0dfd-sock

Host: Intel(R) Core(TM) i5-8400 CPU @ 2.80GHz, 6 cores, 15G,  Windows 11 , 64 bit Build 22621 (10.0.22621.4391)
Time: Mon Nov  4 18:55:57 2024 Hora estándar romance elapsed time: 4.067747 seconds (0d 0h 0m 4s)

---------------  T H R E A D  ---------------

Current thread (0x0000023238f17990):  JavaThread "C2 CompilerThread0" daemon [_thread_in_native, id=19352, stack(0x0000007b99900000,0x0000007b99a00000)]


Current CompileTask:
C2:   4067 3043       4       org.eclipse.osgi.internal.loader.ModuleClassLoader::toString (80 bytes)

Stack: [0x0000007b99900000,0x0000007b99a00000]
Native frames: (J=compiled Java code, j=interpreted, Vv=VM code, C=native code)
V  [jvm.dll+0x682a19]
V  [jvm.dll+0x839538]
V  [jvm.dll+0x83afe3]
V  [jvm.dll+0x83b653]
V  [jvm.dll+0x24704f]
V  [jvm.dll+0xace34]
V  [jvm.dll+0xad4cc]
V  [jvm.dll+0x36597e]
V  [jvm.dll+0x32fbd8]
V  [jvm.dll+0x32f05a]
V  [jvm.dll+0x21804f]
V  [jvm.dll+0x21748f]
V  [jvm.dll+0x1a3070]
V  [jvm.dll+0x22788c]
V  [jvm.dll+0x2259eb]
V  [jvm.dll+0x7eec98]
V  [jvm.dll+0x7e8ffc]
V  [jvm.dll+0x6818f7]
C  [ucrtbase.dll+0x29333]
C  [KERNEL32.DLL+0x1259d]
C  [ntdll.dll+0x5af38]


---------------  P R O C E S S  ---------------

Threads class SMR info:
_java_thread_list=0x000002323a9ddf20, length=32, elements={
0x000002321da801d0, 0x0000023233855030, 0x000002321db2a3a0, 0x000002323385cf00,
0x000002323385d8d0, 0x000002323385e3a0, 0x0000023238f17010, 0x0000023238f17990,
0x0000023238f23cf0, 0x0000023238f349d0, 0x0000023239042010, 0x0000023239489560,
0x0000023239cd6420, 0x0000023239c19780, 0x0000023239deef60, 0x0000023239e0f580,
0x0000023239cfb4f0, 0x0000023239d37080, 0x000002323a059df0, 0x000002323a0598e0,
0x000002323a05a300, 0x000002323a058ec0, 0x000002323a05a810, 0x000002323a057060,
0x000002323a0589b0, 0x000002323a057570, 0x000002323a0593d0, 0x000002323a057a80,
0x000002323a057f90, 0x000002323b69a090, 0x000002323b699160, 0x000002323b699b80
}

Java Threads: ( => current thread )
  0x000002321da801d0 JavaThread "main" [_thread_blocked, id=12020, stack(0x0000007b98f00000,0x0000007b99000000)]
  0x0000023233855030 JavaThread "Reference Handler" daemon [_thread_blocked, id=11892, stack(0x0000007b99300000,0x0000007b99400000)]
  0x000002321db2a3a0 JavaThread "Finalizer" daemon [_thread_blocked, id=12228, stack(0x0000007b99400000,0x0000007b99500000)]
  0x000002323385cf00 JavaThread "Signal Dispatcher" daemon [_thread_blocked, id=7400, stack(0x0000007b99500000,0x0000007b99600000)]
  0x000002323385d8d0 JavaThread "Attach Listener" daemon [_thread_blocked, id=17116, stack(0x0000007b99600000,0x0000007b99700000)]
  0x000002323385e3a0 JavaThread "Service Thread" daemon [_thread_blocked, id=1020, stack(0x0000007b99700000,0x0000007b99800000)]
  0x0000023238f17010 JavaThread "Monitor Deflation Thread" daemon [_thread_blocked, id=11032, stack(0x0000007b99800000,0x0000007b99900000)]
=>0x0000023238f17990 JavaThread "C2 CompilerThread0" daemon [_thread_in_native, id=19352, stack(0x0000007b99900000,0x0000007b99a00000)]
  0x0000023238f23cf0 JavaThread "C1 CompilerThread0" daemon [_thread_blocked, id=11352, stack(0x0000007b99a00000,0x0000007b99b00000)]
  0x0000023238f349d0 JavaThread "Sweeper thread" daemon [_thread_blocked, id=19396, stack(0x0000007b99b00000,0x0000007b99c00000)]
  0x0000023239042010 JavaThread "Common-Cleaner" daemon [_thread_blocked, id=8332, stack(0x0000007b99c00000,0x0000007b99d00000)]
  0x0000023239489560 JavaThread "Notification Thread" daemon [_thread_blocked, id=15464, stack(0x0000007b99e00000,0x0000007b99f00000)]
  0x0000023239cd6420 JavaThread "Active Thread: Equinox Container: 38a621af-4513-4e11-8268-cbf66ec59127" [_thread_blocked, id=9676, stack(0x0000007b9a500000,0x0000007b9a600000)]
  0x0000023239c19780 JavaThread "Framework Event Dispatcher: Equinox Container: 38a621af-4513-4e11-8268-cbf66ec59127" daemon [_thread_blocked, id=16884, stack(0x0000007b9a600000,0x0000007b9a700000)]
  0x0000023239deef60 JavaThread "Start Level: Equinox Container: 38a621af-4513-4e11-8268-cbf66ec59127" daemon [_thread_blocked, id=6796, stack(0x0000007b9a700000,0x0000007b9a800000)]
  0x0000023239e0f580 JavaThread "SCR Component Actor" daemon [_thread_blocked, id=11260, stack(0x0000007b9a800000,0x0000007b9a900000)]
  0x0000023239cfb4f0 JavaThread "SCR Component Registry" daemon [_thread_blocked, id=11812, stack(0x0000007b99d00000,0x0000007b99e00000)]
  0x0000023239d37080 JavaThread "Worker-JM" [_thread_blocked, id=7880, stack(0x0000007b9aa00000,0x0000007b9ab00000)]
  0x000002323a059df0 JavaThread "Worker-0" [_thread_blocked, id=18496, stack(0x0000007b9ab00000,0x0000007b9ac00000)]
  0x000002323a0598e0 JavaThread "Worker-1" [_thread_blocked, id=7412, stack(0x0000007b9a900000,0x0000007b9aa00000)]
  0x000002323a05a300 JavaThread "JNA Cleaner" daemon [_thread_blocked, id=12880, stack(0x0000007b9ac00000,0x0000007b9ad00000)]
  0x000002323a058ec0 JavaThread "Thread-2" daemon [_thread_in_native, id=12080, stack(0x0000007b9af00000,0x0000007b9b000000)]
  0x000002323a05a810 JavaThread "Thread-3" daemon [_thread_in_native, id=14340, stack(0x0000007b9b000000,0x0000007b9b100000)]
  0x000002323a057060 JavaThread "Thread-4" daemon [_thread_in_native, id=18104, stack(0x0000007b9b100000,0x0000007b9b200000)]
  0x000002323a0589b0 JavaThread "Thread-5" daemon [_thread_in_native, id=1476, stack(0x0000007b9b200000,0x0000007b9b300000)]
  0x000002323a057570 JavaThread "Thread-6" daemon [_thread_in_native, id=13964, stack(0x0000007b9b300000,0x0000007b9b400000)]
  0x000002323a0593d0 JavaThread "Thread-7" daemon [_thread_in_native, id=11572, stack(0x0000007b9b400000,0x0000007b9b500000)]
  0x000002323a057a80 JavaThread "Thread-8" daemon [_thread_in_native, id=19104, stack(0x0000007b9b500000,0x0000007b9b600000)]
  0x000002323a057f90 JavaThread "pool-2-thread-1" [_thread_blocked, id=9292, stack(0x0000007b9b600000,0x0000007b9b700000)]
  0x000002323b69a090 JavaThread "WorkspaceEventsHandler" [_thread_blocked, id=3012, stack(0x0000007b9b700000,0x0000007b9b800000)]
  0x000002323b699160 JavaThread "pool-1-thread-1" [_thread_in_native, id=15612, stack(0x0000007b9b800000,0x0000007b9b900000)]
  0x000002323b699b80 JavaThread "Worker-2" [_thread_blocked, id=12908, stack(0x0000007b9b900000,0x0000007b9ba00000)]

Other Threads:
  0x000002321db29bf0 VMThread "VM Thread" [stack: 0x0000007b99200000,0x0000007b99300000] [id=9136]
  0x00000232392eec20 WatcherThread [stack: 0x0000007b99f00000,0x0000007b9a000000] [id=9700]
  0x000002321da94cb0 GCTaskThread "GC Thread#0" [stack: 0x0000007b99100000,0x0000007b99200000] [id=13276]
  0x0000023239b6e490 GCTaskThread "GC Thread#1" [stack: 0x0000007b9a000000,0x0000007b9a100000] [id=9764]
  0x0000023239b7f000 GCTaskThread "GC Thread#2" [stack: 0x0000007b9a100000,0x0000007b9a200000] [id=9152]
  0x0000023239c6b910 GCTaskThread "GC Thread#3" [stack: 0x0000007b9a200000,0x0000007b9a300000] [id=7132]
  0x0000023239b6cf00 GCTaskThread "GC Thread#4" [stack: 0x0000007b9a300000,0x0000007b9a400000] [id=3240]
  0x0000023239b69850 GCTaskThread "GC Thread#5" [stack: 0x0000007b9a400000,0x0000007b9a500000] [id=7276]

Threads with active compile tasks:
C2 CompilerThread0     4103 3043       4       org.eclipse.osgi.internal.loader.ModuleClassLoader::toString (80 bytes)

VM state: not at safepoint (normal execution)

VM Mutex/Monitor currently owned by a thread: None

Heap address: 0x00000000c0000000, size: 1024 MB, Compressed Oops mode: 32-bit

CDS archive(s) not mapped
Compressed class space mapped at: 0x0000000100000000-0x0000000140000000, reserved size: 1073741824
Narrow klass base: 0x0000000000000000, Narrow klass shift: 3, Narrow klass range: 0x140000000

GC Precious Log:
 CPUs: 6 total, 6 available
 Memory: 16158M
 Large Page Support: Disabled
 NUMA Support: Disabled
 Compressed Oops: Enabled (32-bit)
 Alignments: Space 512K, Generation 512K, Heap 2M
 Heap Min Capacity: 100M
 Heap Initial Capacity: 100M
 Heap Max Capacity: 1G
 Pre-touch: Disabled
 Parallel Workers: 6

Heap:
 PSYoungGen      total 27136K, used 5564K [0x00000000eab00000, 0x00000000ec900000, 0x0000000100000000)
  eden space 23552K, 23% used [0x00000000eab00000,0x00000000eb06f270,0x00000000ec200000)
  from space 3584K, 0% used [0x00000000ec200000,0x00000000ec200000,0x00000000ec580000)
  to   space 3584K, 0% used [0x00000000ec580000,0x00000000ec580000,0x00000000ec900000)
 ParOldGen       total 68608K, used 12541K [0x00000000c0000000, 0x00000000c4300000, 0x00000000eab00000)
  object space 68608K, 18% used [0x00000000c0000000,0x00000000c0c3f440,0x00000000c4300000)
 Metaspace       used 36062K, committed 36736K, reserved 1114112K
  class space    used 3640K, committed 3904K, reserved 1048576K

Card table byte_map: [0x00000232310d0000,0x00000232312e0000] _byte_map_base: 0x0000023230ad0000

Marking Bits: (ParMarkBitMap*) 0x00007fff60a26940
 Begin Bits: [0x0000023231440000, 0x0000023232440000)
 End Bits:   [0x0000023232440000, 0x0000023233440000)

Polling page: 0x000002321db30000

Metaspace:

Usage:
  Non-class:     31.66 MB used.
      Class:      3.56 MB used.
       Both:     35.22 MB used.

Virtual space:
  Non-class space:       64.00 MB reserved,      32.06 MB ( 50%) committed,  1 nodes.
      Class space:        1.00 GB reserved,       3.81 MB ( <1%) committed,  1 nodes.
             Both:        1.06 GB reserved,      35.88 MB (  3%) committed. 

Chunk freelists:
   Non-Class:  15.66 MB
       Class:  12.11 MB
        Both:  27.76 MB

MaxMetaspaceSize: unlimited
CompressedClassSpaceSize: 1.00 GB
Initial GC threshold: 21.00 MB
Current GC threshold: 58.38 MB
CDS: off
MetaspaceReclaimPolicy: balanced
 - commit_granule_bytes: 65536.
 - commit_granule_words: 8192.
 - virtual_space_node_default_size: 8388608.
 - enlarge_chunks_in_place: 1.
 - new_chunks_are_fully_committed: 0.
 - uncommit_free_chunks: 1.
 - use_allocation_guard: 0.
 - handle_deallocations: 1.


Internal statistics:

num_allocs_failed_limit: 6.
num_arena_births: 358.
num_arena_deaths: 14.
num_vsnodes_births: 2.
num_vsnodes_deaths: 0.
num_space_committed: 574.
num_space_uncommitted: 0.
num_chunks_returned_to_freelist: 20.
num_chunks_taken_from_freelist: 1423.
num_chunk_merges: 8.
num_chunk_splits: 927.
num_chunks_enlarged: 627.
num_inconsistent_stats: 0.

CodeHeap 'non-profiled nmethods': size=120000Kb used=1466Kb max_used=1466Kb free=118534Kb
 bounds [0x00000232299b0000, 0x0000023229c20000, 0x0000023230ee0000]
CodeHeap 'profiled nmethods': size=120000Kb used=5841Kb max_used=5841Kb free=114158Kb
 bounds [0x0000023221ee0000, 0x00000232224a0000, 0x0000023229410000]
CodeHeap 'non-nmethods': size=5760Kb used=1290Kb max_used=1333Kb free=4470Kb
 bounds [0x0000023229410000, 0x0000023229680000, 0x00000232299b0000]
 total_blobs=3679 nmethods=3064 adapters=528
 compilation: enabled
              stopped_count=0, restarted_count=0
 full_count=0

Compilation events (20 events):
Event: 4.032 Thread 0x0000023238f17990 nmethod 3036 0x0000023229b1bc10 code [0x0000023229b1be20, 0x0000023229b1d558]
Event: 4.032 Thread 0x0000023238f17990 3043       4       org.eclipse.osgi.internal.loader.ModuleClassLoader::toString (80 bytes)
Event: 4.057 Thread 0x0000023238f23cf0 3048       3       com.sun.org.apache.xerces.internal.util.ParserConfigurationSettings::checkFeature (39 bytes)
Event: 4.057 Thread 0x0000023238f23cf0 nmethod 3048 0x000002322248c810 code [0x000002322248c9e0, 0x000002322248cd58]
Event: 4.057 Thread 0x0000023238f23cf0 3050   !   3       org.eclipse.osgi.internal.loader.SystemBundleLoader::findLocalClass (12 bytes)
Event: 4.057 Thread 0x0000023238f23cf0 nmethod 3050 0x000002322248ce90 code [0x000002322248d040, 0x000002322248d348]
Event: 4.057 Thread 0x0000023238f23cf0 3051       3       com.sun.org.apache.xerces.internal.util.ParserConfigurationSettings::getFeature (20 bytes)
Event: 4.057 Thread 0x0000023238f23cf0 nmethod 3051 0x000002322248d490 code [0x000002322248d640, 0x000002322248d908]
Event: 4.057 Thread 0x0000023238f23cf0 3049       3       com.sun.org.apache.xerces.internal.parsers.XIncludeAwareParserConfiguration::setFeature (27 bytes)
Event: 4.057 Thread 0x0000023238f23cf0 nmethod 3049 0x000002322248da90 code [0x000002322248dc40, 0x000002322248de58]
Event: 4.057 Thread 0x0000023238f23cf0 3053       3       com.sun.org.apache.xerces.internal.dom.DeferredDocumentImpl::getPrevSibling (106 bytes)
Event: 4.058 Thread 0x0000023238f23cf0 nmethod 3053 0x000002322248df90 code [0x000002322248e1c0, 0x000002322248e918]
Event: 4.058 Thread 0x0000023238f23cf0 3052       3       com.sun.org.apache.xerces.internal.dom.DeferredDocumentImpl::getPrevSibling (7 bytes)
Event: 4.058 Thread 0x0000023238f23cf0 nmethod 3052 0x000002322248ed10 code [0x000002322248eea0, 0x000002322248efe8]
Event: 4.058 Thread 0x0000023238f23cf0 3054       3       com.sun.org.apache.xerces.internal.dom.DeferredDocumentImpl::getNodeValueString (7 bytes)
Event: 4.058 Thread 0x0000023238f23cf0 nmethod 3054 0x000002322248f090 code [0x000002322248f240, 0x000002322248f388]
Event: 4.062 Thread 0x0000023238f23cf0 3058       3       jdk.internal.misc.Unsafe::checkOffset (32 bytes)
Event: 4.063 Thread 0x0000023238f23cf0 nmethod 3058 0x000002322248f410 code [0x000002322248f5c0, 0x000002322248f828]
Event: 4.063 Thread 0x0000023238f23cf0 3059       3       org.eclipse.core.internal.jobs.JobListeners::getJobListenerTimeout (4 bytes)
Event: 4.063 Thread 0x0000023238f23cf0 nmethod 3059 0x000002322248f910 code [0x000002322248faa0, 0x000002322248fb98]

GC Heap History (20 events):
Event: 1.575 GC heap before
{Heap before GC invocations=2 (full 0):
 PSYoungGen      total 29696K, used 28772K [0x00000000eab00000, 0x00000000ecc00000, 0x0000000100000000)
  eden space 25600K, 100% used [0x00000000eab00000,0x00000000ec400000,0x00000000ec400000)
  from space 4096K, 77% used [0x00000000ec400000,0x00000000ec719340,0x00000000ec800000)
  to   space 4096K, 0% used [0x00000000ec800000,0x00000000ec800000,0x00000000ecc00000)
 ParOldGen       total 68608K, used 0K [0x00000000c0000000, 0x00000000c4300000, 0x00000000eab00000)
  object space 68608K, 0% used [0x00000000c0000000,0x00000000c0000000,0x00000000c4300000)
 Metaspace       used 14594K, committed 14784K, reserved 1114112K
  class space    used 1481K, committed 1536K, reserved 1048576K
}
Event: 1.579 GC heap after
{Heap after GC invocations=2 (full 0):
 PSYoungGen      total 29696K, used 4089K [0x00000000eab00000, 0x00000000ecc00000, 0x0000000100000000)
  eden space 25600K, 0% used [0x00000000eab00000,0x00000000eab00000,0x00000000ec400000)
  from space 4096K, 99% used [0x00000000ec800000,0x00000000ecbfe7f0,0x00000000ecc00000)
  to   space 4096K, 0% used [0x00000000ec400000,0x00000000ec400000,0x00000000ec800000)
 ParOldGen       total 68608K, used 792K [0x00000000c0000000, 0x00000000c4300000, 0x00000000eab00000)
  object space 68608K, 1% used [0x00000000c0000000,0x00000000c00c6350,0x00000000c4300000)
 Metaspace       used 14594K, committed 14784K, reserved 1114112K
  class space    used 1481K, committed 1536K, reserved 1048576K
}
Event: 2.112 GC heap before
{Heap before GC invocations=3 (full 0):
 PSYoungGen      total 29696K, used 29689K [0x00000000eab00000, 0x00000000ecc00000, 0x0000000100000000)
  eden space 25600K, 100% used [0x00000000eab00000,0x00000000ec400000,0x00000000ec400000)
  from space 4096K, 99% used [0x00000000ec800000,0x00000000ecbfe7f0,0x00000000ecc00000)
  to   space 4096K, 0% used [0x00000000ec400000,0x00000000ec400000,0x00000000ec800000)
 ParOldGen       total 68608K, used 792K [0x00000000c0000000, 0x00000000c4300000, 0x00000000eab00000)
  object space 68608K, 1% used [0x00000000c0000000,0x00000000c00c6350,0x00000000c4300000)
 Metaspace       used 19598K, committed 19968K, reserved 1114112K
  class space    used 2017K, committed 2176K, reserved 1048576K
}
Event: 2.117 GC heap after
{Heap after GC invocations=3 (full 0):
 PSYoungGen      total 29696K, used 4080K [0x00000000eab00000, 0x00000000ecc00000, 0x0000000100000000)
  eden space 25600K, 0% used [0x00000000eab00000,0x00000000eab00000,0x00000000ec400000)
  from space 4096K, 99% used [0x00000000ec400000,0x00000000ec7fc138,0x00000000ec800000)
  to   space 4096K, 0% used [0x00000000ec800000,0x00000000ec800000,0x00000000ecc00000)
 ParOldGen       total 68608K, used 2481K [0x00000000c0000000, 0x00000000c4300000, 0x00000000eab00000)
  object space 68608K, 3% used [0x00000000c0000000,0x00000000c026c630,0x00000000c4300000)
 Metaspace       used 19598K, committed 19968K, reserved 1114112K
  class space    used 2017K, committed 2176K, reserved 1048576K
}
Event: 2.294 GC heap before
{Heap before GC invocations=4 (full 0):
 PSYoungGen      total 29696K, used 11662K [0x00000000eab00000, 0x00000000ecc00000, 0x0000000100000000)
  eden space 25600K, 29% used [0x00000000eab00000,0x00000000eb267908,0x00000000ec400000)
  from space 4096K, 99% used [0x00000000ec400000,0x00000000ec7fc138,0x00000000ec800000)
  to   space 4096K, 0% used [0x00000000ec800000,0x00000000ec800000,0x00000000ecc00000)
 ParOldGen       total 68608K, used 2481K [0x00000000c0000000, 0x00000000c4300000, 0x00000000eab00000)
  object space 68608K, 3% used [0x00000000c0000000,0x00000000c026c630,0x00000000c4300000)
 Metaspace       used 21079K, committed 21504K, reserved 1114112K
  class space    used 2172K, committed 2368K, reserved 1048576K
}
Event: 2.299 GC heap after
{Heap after GC invocations=4 (full 0):
 PSYoungGen      total 29696K, used 4070K [0x00000000eab00000, 0x00000000ecc00000, 0x0000000100000000)
  eden space 25600K, 0% used [0x00000000eab00000,0x00000000eab00000,0x00000000ec400000)
  from space 4096K, 99% used [0x00000000ec800000,0x00000000ecbf9918,0x00000000ecc00000)
  to   space 4096K, 0% used [0x00000000ec400000,0x00000000ec400000,0x00000000ec800000)
 ParOldGen       total 68608K, used 3001K [0x00000000c0000000, 0x00000000c4300000, 0x00000000eab00000)
  object space 68608K, 4% used [0x00000000c0000000,0x00000000c02ee578,0x00000000c4300000)
 Metaspace       used 21079K, committed 21504K, reserved 1114112K
  class space    used 2172K, committed 2368K, reserved 1048576K
}
Event: 2.299 GC heap before
{Heap before GC invocations=5 (full 1):
 PSYoungGen      total 29696K, used 4070K [0x00000000eab00000, 0x00000000ecc00000, 0x0000000100000000)
  eden space 25600K, 0% used [0x00000000eab00000,0x00000000eab00000,0x00000000ec400000)
  from space 4096K, 99% used [0x00000000ec800000,0x00000000ecbf9918,0x00000000ecc00000)
  to   space 4096K, 0% used [0x00000000ec400000,0x00000000ec400000,0x00000000ec800000)
 ParOldGen       total 68608K, used 3001K [0x00000000c0000000, 0x00000000c4300000, 0x00000000eab00000)
  object space 68608K, 4% used [0x00000000c0000000,0x00000000c02ee578,0x00000000c4300000)
 Metaspace       used 21079K, committed 21504K, reserved 1114112K
  class space    used 2172K, committed 2368K, reserved 1048576K
}
Event: 2.318 GC heap after
{Heap after GC invocations=5 (full 1):
 PSYoungGen      total 29696K, used 0K [0x00000000eab00000, 0x00000000ecc00000, 0x0000000100000000)
  eden space 25600K, 0% used [0x00000000eab00000,0x00000000eab00000,0x00000000ec400000)
  from space 4096K, 0% used [0x00000000ec800000,0x00000000ec800000,0x00000000ecc00000)
  to   space 4096K, 0% used [0x00000000ec400000,0x00000000ec400000,0x00000000ec800000)
 ParOldGen       total 68608K, used 6904K [0x00000000c0000000, 0x00000000c4300000, 0x00000000eab00000)
  object space 68608K, 10% used [0x00000000c0000000,0x00000000c06be1b0,0x00000000c4300000)
 Metaspace       used 21066K, committed 21504K, reserved 1114112K
  class space    used 2168K, committed 2368K, reserved 1048576K
}
Event: 2.515 GC heap before
{Heap before GC invocations=6 (full 1):
 PSYoungGen      total 29696K, used 25600K [0x00000000eab00000, 0x00000000ecc00000, 0x0000000100000000)
  eden space 25600K, 100% used [0x00000000eab00000,0x00000000ec400000,0x00000000ec400000)
  from space 4096K, 0% used [0x00000000ec800000,0x00000000ec800000,0x00000000ecc00000)
  to   space 4096K, 0% used [0x00000000ec400000,0x00000000ec400000,0x00000000ec800000)
 ParOldGen       total 68608K, used 6904K [0x00000000c0000000, 0x00000000c4300000, 0x00000000eab00000)
  object space 68608K, 10% used [0x00000000c0000000,0x00000000c06be1b0,0x00000000c4300000)
 Metaspace       used 24257K, committed 24704K, reserved 1114112K
  class space    used 2392K, committed 2560K, reserved 1048576K
}
Event: 2.516 GC heap after
{Heap after GC invocations=6 (full 1):
 PSYoungGen      total 26112K, used 594K [0x00000000eab00000, 0x00000000ec880000, 0x0000000100000000)
  eden space 25088K, 0% used [0x00000000eab00000,0x00000000eab00000,0x00000000ec380000)
  from space 1024K, 58% used [0x00000000ec400000,0x00000000ec4948c8,0x00000000ec500000)
  to   space 2560K, 0% used [0x00000000ec600000,0x00000000ec600000,0x00000000ec880000)
 ParOldGen       total 68608K, used 6912K [0x00000000c0000000, 0x00000000c4300000, 0x00000000eab00000)
  object space 68608K, 10% used [0x00000000c0000000,0x00000000c06c01b0,0x00000000c4300000)
 Metaspace       used 24257K, committed 24704K, reserved 1114112K
  class space    used 2392K, committed 2560K, reserved 1048576K
}
Event: 2.741 GC heap before
{Heap before GC invocations=7 (full 1):
 PSYoungGen      total 26112K, used 25682K [0x00000000eab00000, 0x00000000ec880000, 0x0000000100000000)
  eden space 25088K, 100% used [0x00000000eab00000,0x00000000ec380000,0x00000000ec380000)
  from space 1024K, 58% used [0x00000000ec400000,0x00000000ec4948c8,0x00000000ec500000)
  to   space 2560K, 0% used [0x00000000ec600000,0x00000000ec600000,0x00000000ec880000)
 ParOldGen       total 68608K, used 6912K [0x00000000c0000000, 0x00000000c4300000, 0x00000000eab00000)
  object space 68608K, 10% used [0x00000000c0000000,0x00000000c06c01b0,0x00000000c4300000)
 Metaspace       used 26956K, committed 27392K, reserved 1114112K
  class space    used 2614K, committed 2816K, reserved 1048576K
}
Event: 2.743 GC heap after
{Heap after GC invocations=7 (full 1):
 PSYoungGen      total 27136K, used 2537K [0x00000000eab00000, 0x00000000ec900000, 0x0000000100000000)
  eden space 24576K, 0% used [0x00000000eab00000,0x00000000eab00000,0x00000000ec300000)
  from space 2560K, 99% used [0x00000000ec600000,0x00000000ec87a488,0x00000000ec880000)
  to   space 3072K, 0% used [0x00000000ec300000,0x00000000ec300000,0x00000000ec600000)
 ParOldGen       total 68608K, used 6928K [0x00000000c0000000, 0x00000000c4300000, 0x00000000eab00000)
  object space 68608K, 10% used [0x00000000c0000000,0x00000000c06c41b0,0x00000000c4300000)
 Metaspace       used 26956K, committed 27392K, reserved 1114112K
  class space    used 2614K, committed 2816K, reserved 1048576K
}
Event: 3.230 GC heap before
{Heap before GC invocations=8 (full 1):
 PSYoungGen      total 27136K, used 27113K [0x00000000eab00000, 0x00000000ec900000, 0x0000000100000000)
  eden space 24576K, 100% used [0x00000000eab00000,0x00000000ec300000,0x00000000ec300000)
  from space 2560K, 99% used [0x00000000ec600000,0x00000000ec87a488,0x00000000ec880000)
  to   space 3072K, 0% used [0x00000000ec300000,0x00000000ec300000,0x00000000ec600000)
 ParOldGen       total 68608K, used 6928K [0x00000000c0000000, 0x00000000c4300000, 0x00000000eab00000)
  object space 68608K, 10% used [0x00000000c0000000,0x00000000c06c41b0,0x00000000c4300000)
 Metaspace       used 30442K, committed 30976K, reserved 1114112K
  class space    used 2961K, committed 3136K, reserved 1048576K
}
Event: 3.233 GC heap after
{Heap after GC invocations=8 (full 1):
 PSYoungGen      total 27136K, used 3063K [0x00000000eab00000, 0x00000000ecb80000, 0x0000000100000000)
  eden space 24064K, 0% used [0x00000000eab00000,0x00000000eab00000,0x00000000ec280000)
  from space 3072K, 99% used [0x00000000ec300000,0x00000000ec5fddd8,0x00000000ec600000)
  to   space 4608K, 0% used [0x00000000ec700000,0x00000000ec700000,0x00000000ecb80000)
 ParOldGen       total 68608K, used 8045K [0x00000000c0000000, 0x00000000c4300000, 0x00000000eab00000)
  object space 68608K, 11% used [0x00000000c0000000,0x00000000c07db700,0x00000000c4300000)
 Metaspace       used 30442K, committed 30976K, reserved 1114112K
  class space    used 2961K, committed 3136K, reserved 1048576K
}
Event: 3.733 GC heap before
{Heap before GC invocations=9 (full 1):
 PSYoungGen      total 27136K, used 27127K [0x00000000eab00000, 0x00000000ecb80000, 0x0000000100000000)
  eden space 24064K, 100% used [0x00000000eab00000,0x00000000ec280000,0x00000000ec280000)
  from space 3072K, 99% used [0x00000000ec300000,0x00000000ec5fddd8,0x00000000ec600000)
  to   space 4608K, 0% used [0x00000000ec700000,0x00000000ec700000,0x00000000ecb80000)
 ParOldGen       total 68608K, used 8045K [0x00000000c0000000, 0x00000000c4300000, 0x00000000eab00000)
  object space 68608K, 11% used [0x00000000c0000000,0x00000000c07db700,0x00000000c4300000)
 Metaspace       used 34231K, committed 34880K, reserved 1114112K
  class space    used 3421K, committed 3712K, reserved 1048576K
}
Event: 3.736 GC heap after
{Heap after GC invocations=9 (full 1):
 PSYoungGen      total 27648K, used 4081K [0x00000000eab00000, 0x00000000ecb00000, 0x0000000100000000)
  eden space 23552K, 0% used [0x00000000eab00000,0x00000000eab00000,0x00000000ec200000)
  from space 4096K, 99% used [0x00000000ec700000,0x00000000ecafc6a8,0x00000000ecb00000)
  to   space 4608K, 0% used [0x00000000ec200000,0x00000000ec200000,0x00000000ec680000)
 ParOldGen       total 68608K, used 8053K [0x00000000c0000000, 0x00000000c4300000, 0x00000000eab00000)
  object space 68608K, 11% used [0x00000000c0000000,0x00000000c07dd700,0x00000000c4300000)
 Metaspace       used 34231K, committed 34880K, reserved 1114112K
  class space    used 3421K, committed 3712K, reserved 1048576K
}
Event: 3.908 GC heap before
{Heap before GC invocations=10 (full 1):
 PSYoungGen      total 27648K, used 11138K [0x00000000eab00000, 0x00000000ecb00000, 0x0000000100000000)
  eden space 23552K, 29% used [0x00000000eab00000,0x00000000eb1e42f0,0x00000000ec200000)
  from space 4096K, 99% used [0x00000000ec700000,0x00000000ecafc6a8,0x00000000ecb00000)
  to   space 4608K, 0% used [0x00000000ec200000,0x00000000ec200000,0x00000000ec680000)
 ParOldGen       total 68608K, used 8053K [0x00000000c0000000, 0x00000000c4300000, 0x00000000eab00000)
  object space 68608K, 11% used [0x00000000c0000000,0x00000000c07dd700,0x00000000c4300000)
 Metaspace       used 35282K, committed 35840K, reserved 1114112K
  class space    used 3550K, committed 3776K, reserved 1048576K
}
Event: 3.914 GC heap after
{Heap after GC invocations=10 (full 1):
 PSYoungGen      total 27136K, used 3185K [0x00000000eab00000, 0x00000000ec900000, 0x0000000100000000)
  eden space 23552K, 0% used [0x00000000eab00000,0x00000000eab00000,0x00000000ec200000)
  from space 3584K, 88% used [0x00000000ec200000,0x00000000ec51c610,0x00000000ec580000)
  to   space 3584K, 0% used [0x00000000ec580000,0x00000000ec580000,0x00000000ec900000)
 ParOldGen       total 68608K, used 9616K [0x00000000c0000000, 0x00000000c4300000, 0x00000000eab00000)
  object space 68608K, 14% used [0x00000000c0000000,0x00000000c0964158,0x00000000c4300000)
 Metaspace       used 35282K, committed 35840K, reserved 1114112K
  class space    used 3550K, committed 3776K, reserved 1048576K
}
Event: 3.914 GC heap before
{Heap before GC invocations=11 (full 2):
 PSYoungGen      total 27136K, used 3185K [0x00000000eab00000, 0x00000000ec900000, 0x0000000100000000)
  eden space 23552K, 0% used [0x00000000eab00000,0x00000000eab00000,0x00000000ec200000)
  from space 3584K, 88% used [0x00000000ec200000,0x00000000ec51c610,0x00000000ec580000)
  to   space 3584K, 0% used [0x00000000ec580000,0x00000000ec580000,0x00000000ec900000)
 ParOldGen       total 68608K, used 9616K [0x00000000c0000000, 0x00000000c4300000, 0x00000000eab00000)
  object space 68608K, 14% used [0x00000000c0000000,0x00000000c0964158,0x00000000c4300000)
 Metaspace       used 35282K, committed 35840K, reserved 1114112K
  class space    used 3550K, committed 3776K, reserved 1048576K
}
Event: 3.934 GC heap after
{Heap after GC invocations=11 (full 2):
 PSYoungGen      total 27136K, used 0K [0x00000000eab00000, 0x00000000ec900000, 0x0000000100000000)
  eden space 23552K, 0% used [0x00000000eab00000,0x00000000eab00000,0x00000000ec200000)
  from space 3584K, 0% used [0x00000000ec200000,0x00000000ec200000,0x00000000ec580000)
  to   space 3584K, 0% used [0x00000000ec580000,0x00000000ec580000,0x00000000ec900000)
 ParOldGen       total 68608K, used 12541K [0x00000000c0000000, 0x00000000c4300000, 0x00000000eab00000)
  object space 68608K, 18% used [0x00000000c0000000,0x00000000c0c3f440,0x00000000c4300000)
 Metaspace       used 35282K, committed 35840K, reserved 1114112K
  class space    used 3550K, committed 3776K, reserved 1048576K
}

Dll operation events (12 events):
Event: 0.018 Loaded shared library c:\Users\nocturno\.vscode\extensions\redhat.java-1.36.0-win32-x64\jre\17.0.13-win32-x86_64\bin\java.dll
Event: 0.157 Loaded shared library c:\Users\nocturno\.vscode\extensions\redhat.java-1.36.0-win32-x64\jre\17.0.13-win32-x86_64\bin\zip.dll
Event: 0.160 Loaded shared library C:\Users\nocturno\.vscode\extensions\redhat.java-1.36.0-win32-x64\jre\17.0.13-win32-x86_64\bin\instrument.dll
Event: 0.171 Loaded shared library C:\Users\nocturno\.vscode\extensions\redhat.java-1.36.0-win32-x64\jre\17.0.13-win32-x86_64\bin\net.dll
Event: 0.173 Loaded shared library C:\Users\nocturno\.vscode\extensions\redhat.java-1.36.0-win32-x64\jre\17.0.13-win32-x86_64\bin\nio.dll
Event: 0.178 Loaded shared library C:\Users\nocturno\.vscode\extensions\redhat.java-1.36.0-win32-x64\jre\17.0.13-win32-x86_64\bin\zip.dll
Event: 0.197 Loaded shared library C:\Users\nocturno\.vscode\extensions\redhat.java-1.36.0-win32-x64\jre\17.0.13-win32-x86_64\bin\jimage.dll
Event: 0.247 Loaded shared library c:\Users\nocturno\.vscode\extensions\redhat.java-1.36.0-win32-x64\jre\17.0.13-win32-x86_64\bin\verify.dll
Event: 1.439 Loaded shared library C:\Users\nocturno\AppData\Roaming\Code\User\globalStorage\redhat.java\1.36.0\config_ss_win\org.eclipse.equinox.launcher\org.eclipse.equinox.launcher.win32.win32.x86_64_1.2.1100.v20240722-2106\eclipse_11904.dll
Event: 2.102 Loaded shared library C:\Users\nocturno\.vscode\extensions\redhat.java-1.36.0-win32-x64\jre\17.0.13-win32-x86_64\bin\management.dll
Event: 2.105 Loaded shared library C:\Users\nocturno\.vscode\extensions\redhat.java-1.36.0-win32-x64\jre\17.0.13-win32-x86_64\bin\management_ext.dll
Event: 3.381 Loaded shared library C:\Users\nocturno\AppData\Local\Temp\jna-1109282320\jna5370699922975206973.dll

Deoptimization events (20 events):
Event: 3.870 Thread 0x000002323b699160 Uncommon trap: trap_request=0xffffff45 fr.pc=0x0000023229a845ec relative=0x00000000000001cc
Event: 3.870 Thread 0x000002323b699160 Uncommon trap: reason=unstable_if action=reinterpret pc=0x0000023229a845ec method=java.net.URI$Parser.scan(IIJJ)I @ 42 c2
Event: 3.870 Thread 0x000002323b699160 DEOPT PACKING pc=0x0000023229a845ec sp=0x0000007b9b8fe1e0
Event: 3.870 Thread 0x000002323b699160 DEOPT UNPACKING pc=0x00000232294666a3 sp=0x0000007b9b8fe160 mode 2
Event: 3.871 Thread 0x000002323b699160 Uncommon trap: trap_request=0xffffff45 fr.pc=0x0000023229a4b0c0 relative=0x0000000000000040
Event: 3.871 Thread 0x000002323b699160 Uncommon trap: reason=unstable_if action=reinterpret pc=0x0000023229a4b0c0 method=sun.nio.fs.WindowsPathParser.isSlash(C)Z @ 9 c2
Event: 3.871 Thread 0x000002323b699160 DEOPT PACKING pc=0x0000023229a4b0c0 sp=0x0000007b9b8fe220
Event: 3.871 Thread 0x000002323b699160 DEOPT UNPACKING pc=0x00000232294666a3 sp=0x0000007b9b8fe1a8 mode 2
Event: 3.898 Thread 0x000002323b699160 Uncommon trap: trap_request=0xffffff76 fr.pc=0x0000023229ae83cc relative=0x0000000000000c4c
Event: 3.898 Thread 0x000002323b699160 Uncommon trap: reason=predicate action=maybe_recompile pc=0x0000023229ae83cc method=java.util.TreeMap.put(Ljava/lang/Object;Ljava/lang/Object;Z)Ljava/lang/Object; @ 27 c2
Event: 3.898 Thread 0x000002323b699160 DEOPT PACKING pc=0x0000023229ae83cc sp=0x0000007b9b8fdd90
Event: 3.898 Thread 0x000002323b699160 DEOPT UNPACKING pc=0x00000232294666a3 sp=0x0000007b9b8fdd30 mode 2
Event: 4.023 Thread 0x000002323b699160 DEOPT PACKING pc=0x000002322247acfe sp=0x0000007b9b8fd270
Event: 4.023 Thread 0x000002323b699160 DEOPT UNPACKING pc=0x0000023229466e43 sp=0x0000007b9b8fc768 mode 0
Event: 4.024 Thread 0x000002323b699160 DEOPT PACKING pc=0x000002322247acfe sp=0x0000007b9b8fd270
Event: 4.024 Thread 0x000002323b699160 DEOPT UNPACKING pc=0x0000023229466e43 sp=0x0000007b9b8fc768 mode 0
Event: 4.028 Thread 0x000002323b699160 Uncommon trap: trap_request=0xffffffcc fr.pc=0x0000023229b1b164 relative=0x0000000000000344
Event: 4.028 Thread 0x000002323b699160 Uncommon trap: reason=intrinsic_or_type_checked_inlining action=make_not_entrant pc=0x0000023229b1b164 method=java.util.Arrays.copyOf([Ljava/lang/Object;ILjava/lang/Class;)[Ljava/lang/Object; @ 35 c2
Event: 4.028 Thread 0x000002323b699160 DEOPT PACKING pc=0x0000023229b1b164 sp=0x0000007b9b8fd710
Event: 4.028 Thread 0x000002323b699160 DEOPT UNPACKING pc=0x00000232294666a3 sp=0x0000007b9b8fd6a0 mode 2

Classes loaded (20 events):
Event: 3.908 Loading class sun/nio/fs/WindowsFileCopy
Event: 3.908 Loading class sun/nio/fs/WindowsFileCopy done
Event: 3.945 Loading class javax/xml/parsers/FactoryConfigurationError
Event: 3.946 Loading class javax/xml/parsers/FactoryConfigurationError done
Event: 3.988 Loading class java/io/UncheckedIOException
Event: 3.988 Loading class java/io/UncheckedIOException done
Event: 3.995 Loading class java/nio/file/FileChannelLinesSpliterator
Event: 3.995 Loading class java/nio/file/FileChannelLinesSpliterator done
Event: 3.995 Loading class java/nio/channels/spi/AbstractInterruptibleChannel$1
Event: 3.996 Loading class sun/nio/ch/Interruptible
Event: 3.996 Loading class sun/nio/ch/Interruptible done
Event: 3.996 Loading class java/nio/channels/spi/AbstractInterruptibleChannel$1 done
Event: 3.996 Loading class java/util/stream/Streams$1
Event: 3.996 Loading class java/util/stream/Streams$1 done
Event: 3.997 Loading class java/nio/file/FileChannelLinesSpliterator$1
Event: 3.997 Loading class java/nio/file/FileChannelLinesSpliterator$1 done
Event: 4.006 Loading class sun/net/www/protocol/https/Handler
Event: 4.006 Loading class sun/net/www/protocol/http/Handler
Event: 4.007 Loading class sun/net/www/protocol/http/Handler done
Event: 4.007 Loading class sun/net/www/protocol/https/Handler done

Classes unloaded (7 events):
Event: 2.302 Thread 0x000002321db29bf0 Unloading class 0x0000000100219400 'java/lang/invoke/LambdaForm$MH+0x0000000100219400'
Event: 2.302 Thread 0x000002321db29bf0 Unloading class 0x0000000100219000 'java/lang/invoke/LambdaForm$MH+0x0000000100219000'
Event: 2.302 Thread 0x000002321db29bf0 Unloading class 0x0000000100218c00 'java/lang/invoke/LambdaForm$MH+0x0000000100218c00'
Event: 2.302 Thread 0x000002321db29bf0 Unloading class 0x0000000100218800 'java/lang/invoke/LambdaForm$MH+0x0000000100218800'
Event: 2.302 Thread 0x000002321db29bf0 Unloading class 0x0000000100218400 'java/lang/invoke/LambdaForm$BMH+0x0000000100218400'
Event: 2.302 Thread 0x000002321db29bf0 Unloading class 0x0000000100218000 'java/lang/invoke/LambdaForm$DMH+0x0000000100218000'
Event: 2.302 Thread 0x000002321db29bf0 Unloading class 0x0000000100214400 'java/lang/invoke/LambdaForm$DMH+0x0000000100214400'

Classes redefined (0 events):
No events

Internal exceptions (20 events):
Event: 3.935 Thread 0x000002323b699160 Exception <a 'sun/nio/fs/WindowsException'{0x00000000eab01b10}> (0x00000000eab01b10) 
thrown [s\src\hotspot\share\prims\jni.cpp, line 516]
Event: 3.962 Thread 0x000002323b699160 Exception <a 'java/io/FileNotFoundException'{0x00000000eace0f68}> (0x00000000eace0f68) 
thrown [s\src\hotspot\share\prims\jni.cpp, line 516]
Event: 3.994 Thread 0x000002323b699160 Exception <a 'sun/nio/fs/WindowsException'{0x00000000eae60e10}> (0x00000000eae60e10) 
thrown [s\src\hotspot\share\prims\jni.cpp, line 516]
Event: 3.995 Thread 0x000002323b699160 Exception <a 'sun/nio/fs/WindowsException'{0x00000000eae61940}> (0x00000000eae61940) 
thrown [s\src\hotspot\share\prims\jni.cpp, line 516]
Event: 3.995 Thread 0x000002323b699160 Exception <a 'sun/nio/fs/WindowsException'{0x00000000eae62ab8}> (0x00000000eae62ab8) 
thrown [s\src\hotspot\share\prims\jni.cpp, line 516]
Event: 3.995 Thread 0x000002323b699160 Exception <a 'sun/nio/fs/WindowsException'{0x00000000eae635e8}> (0x00000000eae635e8) 
thrown [s\src\hotspot\share\prims\jni.cpp, line 516]
Event: 4.001 Thread 0x000002323b699160 Exception <a 'sun/nio/fs/WindowsException'{0x00000000eaea25d0}> (0x00000000eaea25d0) 
thrown [s\src\hotspot\share\prims\jni.cpp, line 516]
Event: 4.001 Thread 0x000002323b699160 Exception <a 'sun/nio/fs/WindowsException'{0x00000000eaea3100}> (0x00000000eaea3100) 
thrown [s\src\hotspot\share\prims\jni.cpp, line 516]
Event: 4.007 Thread 0x000002323b699160 Exception <a 'sun/nio/fs/WindowsException'{0x00000000eaee2728}> (0x00000000eaee2728) 
thrown [s\src\hotspot\share\prims\jni.cpp, line 516]
Event: 4.008 Thread 0x000002323b699160 Exception <a 'sun/nio/fs/WindowsException'{0x00000000eaee3258}> (0x00000000eaee3258) 
thrown [s\src\hotspot\share\prims\jni.cpp, line 516]
Event: 4.020 Thread 0x000002323b699160 Exception <a 'sun/nio/fs/WindowsException'{0x00000000eaf0d9c0}> (0x00000000eaf0d9c0) 
thrown [s\src\hotspot\share\prims\jni.cpp, line 516]
Event: 4.020 Thread 0x000002323b699160 Exception <a 'sun/nio/fs/WindowsException'{0x00000000eaf0e4f0}> (0x00000000eaf0e4f0) 
thrown [s\src\hotspot\share\prims\jni.cpp, line 516]
Event: 4.021 Thread 0x000002323b699160 Exception <a 'sun/nio/fs/WindowsException'{0x00000000eaf0f818}> (0x00000000eaf0f818) 
thrown [s\src\hotspot\share\prims\jni.cpp, line 516]
Event: 4.021 Thread 0x000002323b699160 Exception <a 'sun/nio/fs/WindowsException'{0x00000000eaf10348}> (0x00000000eaf10348) 
thrown [s\src\hotspot\share\prims\jni.cpp, line 516]
Event: 4.026 Thread 0x000002323b699160 Exception <a 'java/lang/NoSuchMethodError'{0x00000000eaf583f0}: 'void java.lang.invoke.DirectMethodHandle$Holder.invokeVirtual(java.lang.Object, java.lang.Object, java.lang.Object, java.lang.Object)'> (0x00000000eaf583f0) 
thrown [s\src\hotspot\share\interpreter\linkResolver.cpp, line 759]
Event: 4.058 Thread 0x000002323b699160 Exception <a 'sun/nio/fs/WindowsException'{0x00000000eafae9e8}> (0x00000000eafae9e8) 
thrown [s\src\hotspot\share\prims\jni.cpp, line 516]
Event: 4.058 Thread 0x000002323b699160 Exception <a 'sun/nio/fs/WindowsException'{0x00000000eafaf518}> (0x00000000eafaf518) 
thrown [s\src\hotspot\share\prims\jni.cpp, line 516]
Event: 4.061 Thread 0x000002323b699160 Exception <a 'sun/nio/fs/WindowsException'{0x00000000eafba3d0}> (0x00000000eafba3d0) 
thrown [s\src\hotspot\share\prims\jni.cpp, line 516]
Event: 4.061 Thread 0x000002323b699160 Exception <a 'sun/nio/fs/WindowsException'{0x00000000eafbaf00}> (0x00000000eafbaf00) 
thrown [s\src\hotspot\share\prims\jni.cpp, line 516]
Event: 4.063 Thread 0x000002323b699160 Exception <a 'sun/nio/fs/WindowsException'{0x00000000eafd7ec8}> (0x00000000eafd7ec8) 
thrown [s\src\hotspot\share\prims\jni.cpp, line 516]

VM Operations (20 events):
Event: 3.081 Executing VM operation: HandshakeAllThreads
Event: 3.081 Executing VM operation: HandshakeAllThreads done
Event: 3.082 Executing VM operation: HandshakeAllThreads
Event: 3.082 Executing VM operation: HandshakeAllThreads done
Event: 3.196 Executing VM operation: HandshakeAllThreads
Event: 3.196 Executing VM operation: HandshakeAllThreads done
Event: 3.226 Executing VM operation: HandshakeAllThreads
Event: 3.226 Executing VM operation: HandshakeAllThreads done
Event: 3.230 Executing VM operation: ParallelGCFailedAllocation
Event: 3.233 Executing VM operation: ParallelGCFailedAllocation done
Event: 3.396 Executing VM operation: HandshakeAllThreads
Event: 3.396 Executing VM operation: HandshakeAllThreads done
Event: 3.733 Executing VM operation: ParallelGCFailedAllocation
Event: 3.736 Executing VM operation: ParallelGCFailedAllocation done
Event: 3.865 Executing VM operation: HandshakeAllThreads
Event: 3.866 Executing VM operation: HandshakeAllThreads done
Event: 3.908 Executing VM operation: CollectForMetadataAllocation
Event: 3.934 Executing VM operation: CollectForMetadataAllocation done
Event: 3.997 Executing VM operation: HandshakeAllThreads
Event: 3.997 Executing VM operation: HandshakeAllThreads done

Memory protections (0 events):
No events

Nmethod flushes (0 events):
No events

Events (20 events):
Event: 1.989 Thread 0x0000023239deef60 Thread added: 0x0000023239d37080
Event: 2.228 Thread 0x0000023239deef60 Thread added: 0x000002323a059df0
Event: 2.276 Thread 0x000002323910afc0 Thread exited: 0x000002323910afc0
Event: 2.364 Thread 0x000002323a059df0 Thread added: 0x000002323a0598e0
Event: 2.449 Thread 0x0000023238f23cf0 Thread added: 0x000002323910b510
Event: 2.890 Thread 0x0000023239deef60 Thread added: 0x000002323a058ec0
Event: 2.988 Thread 0x000002323a058ec0 Thread exited: 0x000002323a058ec0
Event: 3.384 Thread 0x000002323910b510 Thread exited: 0x000002323910b510
Event: 3.402 Thread 0x0000023239deef60 Thread added: 0x000002323a05a300
Event: 3.479 Thread 0x000002321da801d0 Thread added: 0x000002323a058ec0
Event: 3.479 Thread 0x000002321da801d0 Thread added: 0x000002323a05a810
Event: 3.479 Thread 0x000002321da801d0 Thread added: 0x000002323a057060
Event: 3.479 Thread 0x000002321da801d0 Thread added: 0x000002323a0589b0
Event: 3.479 Thread 0x000002321da801d0 Thread added: 0x000002323a057570
Event: 3.479 Thread 0x000002321da801d0 Thread added: 0x000002323a0593d0
Event: 3.480 Thread 0x000002321da801d0 Thread added: 0x000002323a057a80
Event: 3.502 Thread 0x000002321da801d0 Thread added: 0x000002323a057f90
Event: 3.739 Thread 0x000002321da801d0 Thread added: 0x000002323b69a090
Event: 3.739 Thread 0x000002321da801d0 Thread added: 0x000002323b699160
Event: 4.063 Thread 0x000002323a0598e0 Thread added: 0x000002323b699b80


Dynamic libraries:
0x00007ff67b890000 - 0x00007ff67b89e000 	c:\Users\nocturno\.vscode\extensions\redhat.java-1.36.0-win32-x64\jre\17.0.13-win32-x86_64\bin\java.exe
0x00007fff9ec70000 - 0x00007fff9ee87000 	C:\Windows\SYSTEM32\ntdll.dll
0x00007fff9ccc0000 - 0x00007fff9cd84000 	C:\Windows\System32\KERNEL32.DLL
0x00007fff9c480000 - 0x00007fff9c839000 	C:\Windows\System32\KERNELBASE.dll
0x00007fff9c200000 - 0x00007fff9c311000 	C:\Windows\System32\ucrtbase.dll
0x00007fff949b0000 - 0x00007fff949c7000 	c:\Users\nocturno\.vscode\extensions\redhat.java-1.36.0-win32-x64\jre\17.0.13-win32-x86_64\bin\jli.dll
0x00007fff9d880000 - 0x00007fff9da2e000 	C:\Windows\System32\USER32.dll
0x00007fff9c450000 - 0x00007fff9c476000 	C:\Windows\System32\win32u.dll
0x00007fff9cf50000 - 0x00007fff9cf79000 	C:\Windows\System32\GDI32.dll
0x00007fff9c870000 - 0x00007fff9c98b000 	C:\Windows\System32\gdi32full.dll
0x00007fff9bf70000 - 0x00007fff9c00a000 	C:\Windows\System32\msvcp_win.dll
0x00007fff8e730000 - 0x00007fff8e74e000 	c:\Users\nocturno\.vscode\extensions\redhat.java-1.36.0-win32-x64\jre\17.0.13-win32-x86_64\bin\VCRUNTIME140.dll
0x00007fff71960000 - 0x00007fff71bf2000 	C:\Windows\WinSxS\amd64_microsoft.windows.common-controls_6595b64144ccf1df_6.0.22621.4391_none_2715d37f73803e96\COMCTL32.dll
0x00007fff9d7c0000 - 0x00007fff9d867000 	C:\Windows\System32\msvcrt.dll
0x00007fff9cab0000 - 0x00007fff9cae1000 	C:\Windows\System32\IMM32.DLL
0x00007fff969f0000 - 0x00007fff969fc000 	c:\Users\nocturno\.vscode\extensions\redhat.java-1.36.0-win32-x64\jre\17.0.13-win32-x86_64\bin\vcruntime140_1.dll
0x00007fff67310000 - 0x00007fff6739d000 	c:\Users\nocturno\.vscode\extensions\redhat.java-1.36.0-win32-x64\jre\17.0.13-win32-x86_64\bin\msvcp140.dll
0x00007fff5fe80000 - 0x00007fff60aeb000 	c:\Users\nocturno\.vscode\extensions\redhat.java-1.36.0-win32-x64\jre\17.0.13-win32-x86_64\bin\server\jvm.dll
0x00007fff9cc00000 - 0x00007fff9ccb2000 	C:\Windows\System32\ADVAPI32.dll
0x00007fff9e7f0000 - 0x00007fff9e897000 	C:\Windows\System32\sechost.dll
0x00007fff9c840000 - 0x00007fff9c868000 	C:\Windows\System32\bcrypt.dll
0x00007fff9d610000 - 0x00007fff9d724000 	C:\Windows\System32\RPCRT4.dll
0x00007fff9cb80000 - 0x00007fff9cbf1000 	C:\Windows\System32\WS2_32.dll
0x00007fff9be40000 - 0x00007fff9be8d000 	C:\Windows\SYSTEM32\POWRPROF.dll
0x00007fff8f170000 - 0x00007fff8f1a4000 	C:\Windows\SYSTEM32\WINMM.dll
0x00007fff97000000 - 0x00007fff9700a000 	C:\Windows\SYSTEM32\VERSION.dll
0x00007fff9be20000 - 0x00007fff9be33000 	C:\Windows\SYSTEM32\UMPDC.dll
0x00007fff9af70000 - 0x00007fff9af88000 	C:\Windows\SYSTEM32\kernel.appcore.dll
0x00007fff957c0000 - 0x00007fff957ca000 	c:\Users\nocturno\.vscode\extensions\redhat.java-1.36.0-win32-x64\jre\17.0.13-win32-x86_64\bin\jimage.dll
0x00007fff87ed0000 - 0x00007fff88102000 	C:\Windows\SYSTEM32\DBGHELP.DLL
0x00007fff9e8a0000 - 0x00007fff9ec2f000 	C:\Windows\System32\combase.dll
0x00007fff9e580000 - 0x00007fff9e657000 	C:\Windows\System32\OLEAUT32.dll
0x00007fff87b80000 - 0x00007fff87bb2000 	C:\Windows\SYSTEM32\dbgcore.DLL
0x00007fff9c010000 - 0x00007fff9c08b000 	C:\Windows\System32\bcryptPrimitives.dll
0x00007fff94940000 - 0x00007fff9494e000 	c:\Users\nocturno\.vscode\extensions\redhat.java-1.36.0-win32-x64\jre\17.0.13-win32-x86_64\bin\instrument.dll
0x00007fff83e80000 - 0x00007fff83ea5000 	c:\Users\nocturno\.vscode\extensions\redhat.java-1.36.0-win32-x64\jre\17.0.13-win32-x86_64\bin\java.dll
0x00007fff884d0000 - 0x00007fff884e8000 	c:\Users\nocturno\.vscode\extensions\redhat.java-1.36.0-win32-x64\jre\17.0.13-win32-x86_64\bin\zip.dll
0x00007fff9dc50000 - 0x00007fff9e4c6000 	C:\Windows\System32\SHELL32.dll
0x00007fff99e60000 - 0x00007fff9a763000 	C:\Windows\SYSTEM32\windows.storage.dll
0x00007fff99d20000 - 0x00007fff99e5f000 	C:\Windows\SYSTEM32\wintypes.dll
0x00007fff9e6f0000 - 0x00007fff9e7e9000 	C:\Windows\System32\SHCORE.dll
0x00007fff9db90000 - 0x00007fff9dbee000 	C:\Windows\System32\shlwapi.dll
0x00007fff9bea0000 - 0x00007fff9becb000 	C:\Windows\SYSTEM32\profapi.dll
0x00007fff83e10000 - 0x00007fff83e29000 	C:\Users\nocturno\.vscode\extensions\redhat.java-1.36.0-win32-x64\jre\17.0.13-win32-x86_64\bin\net.dll
0x00007fff96510000 - 0x00007fff96646000 	C:\Windows\SYSTEM32\WINHTTP.dll
0x00007fff9b3e0000 - 0x00007fff9b449000 	C:\Windows\system32\mswsock.dll
0x00007fff83cc0000 - 0x00007fff83cd6000 	C:\Users\nocturno\.vscode\extensions\redhat.java-1.36.0-win32-x64\jre\17.0.13-win32-x86_64\bin\nio.dll
0x00007fff94560000 - 0x00007fff94570000 	c:\Users\nocturno\.vscode\extensions\redhat.java-1.36.0-win32-x64\jre\17.0.13-win32-x86_64\bin\verify.dll
0x00007fff7c3c0000 - 0x00007fff7c405000 	C:\Users\nocturno\AppData\Roaming\Code\User\globalStorage\redhat.java\1.36.0\config_ss_win\org.eclipse.equinox.launcher\org.eclipse.equinox.launcher.win32.win32.x86_64_1.2.1100.v20240722-2106\eclipse_11904.dll
0x00007fff9cf80000 - 0x00007fff9d125000 	C:\Windows\System32\ole32.dll
0x00007fff93f50000 - 0x00007fff93f5a000 	C:\Users\nocturno\.vscode\extensions\redhat.java-1.36.0-win32-x64\jre\17.0.13-win32-x86_64\bin\management.dll
0x00007fff92ce0000 - 0x00007fff92ceb000 	C:\Users\nocturno\.vscode\extensions\redhat.java-1.36.0-win32-x64\jre\17.0.13-win32-x86_64\bin\management_ext.dll
0x00007fff9e6e0000 - 0x00007fff9e6e8000 	C:\Windows\System32\PSAPI.DLL
0x00007fff9b730000 - 0x00007fff9b74b000 	C:\Windows\SYSTEM32\CRYPTSP.dll
0x00007fff9aed0000 - 0x00007fff9af05000 	C:\Windows\system32\rsaenh.dll
0x00007fff9b480000 - 0x00007fff9b4a8000 	C:\Windows\SYSTEM32\USERENV.dll
0x00007fff9b710000 - 0x00007fff9b71c000 	C:\Windows\SYSTEM32\CRYPTBASE.dll
0x00007fff9a9d0000 - 0x00007fff9a9fd000 	C:\Windows\SYSTEM32\IPHLPAPI.DLL
0x00007fff9d600000 - 0x00007fff9d609000 	C:\Windows\System32\NSI.dll
0x00007fff963a0000 - 0x00007fff963b9000 	C:\Windows\SYSTEM32\dhcpcsvc6.DLL
0x00007fff96350000 - 0x00007fff9636f000 	C:\Windows\SYSTEM32\dhcpcsvc.DLL
0x00007fff9aa40000 - 0x00007fff9ab42000 	C:\Windows\SYSTEM32\DNSAPI.dll
0x00007fff67250000 - 0x00007fff67299000 	C:\Users\nocturno\AppData\Local\Temp\jna-1109282320\jna5370699922975206973.dll

dbghelp: loaded successfully - version: 4.0.5 - missing functions: none
symbol engine: initialized successfully - sym options: 0x614 - pdb path: .;c:\Users\nocturno\.vscode\extensions\redhat.java-1.36.0-win32-x64\jre\17.0.13-win32-x86_64\bin;C:\Windows\SYSTEM32;C:\Windows\WinSxS\amd64_microsoft.windows.common-controls_6595b64144ccf1df_6.0.22621.4391_none_2715d37f73803e96;c:\Users\nocturno\.vscode\extensions\redhat.java-1.36.0-win32-x64\jre\17.0.13-win32-x86_64\bin\server;C:\Users\nocturno\AppData\Roaming\Code\User\globalStorage\redhat.java\1.36.0\config_ss_win\org.eclipse.equinox.launcher\org.eclipse.equinox.launcher.win32.win32.x86_64_1.2.1100.v20240722-2106;C:\Users\nocturno\AppData\Local\Temp\jna-1109282320

VM Arguments:
jvm_args: --add-modules=ALL-SYSTEM --add-opens=java.base/java.util=ALL-UNNAMED --add-opens=java.base/java.lang=ALL-UNNAMED --add-opens=java.base/sun.nio.fs=ALL-UNNAMED -Declipse.application=org.eclipse.jdt.ls.core.id1 -Dosgi.bundles.defaultStartLevel=4 -Declipse.product=org.eclipse.jdt.ls.core.product -Djava.import.generatesMetadataFilesAtProjectRoot=false -DDetectVMInstallationsJob.disabled=true -Dfile.encoding=utf8 -XX:+UseParallelGC -XX:GCTimeRatio=4 -XX:AdaptiveSizePolicyWeight=90 -Dsun.zip.disableMemoryMapping=true -Xmx1G -Xms100m -Xlog:disable -javaagent:c:\Users\nocturno\.vscode\extensions\redhat.java-1.36.0-win32-x64\lombok\lombok-1.18.35.jar 
java_command: c:\Users\nocturno\.vscode\extensions\redhat.java-1.36.0-win32-x64\server\plugins\org.eclipse.equinox.launcher_1.6.900.v20240613-2009.jar -configuration c:\Users\nocturno\AppData\Roaming\Code\User\globalStorage\redhat.java\1.36.0\config_ss_win -data c:\Users\nocturno\AppData\Roaming\Code\User\workspaceStorage\24a6e6e2739c89c545cd9c7cf086ad31\redhat.java\ss_ws --pipe=\\.\pipe\lsp-415d298c51124b8bfb2f2feba95f0dfd-sock
java_class_path (initial): c:\Users\nocturno\.vscode\extensions\redhat.java-1.36.0-win32-x64\server\plugins\org.eclipse.equinox.launcher_1.6.900.v20240613-2009.jar
Launcher Type: SUN_STANDARD

[Global flags]
    uintx AdaptiveSizePolicyWeight                 = 90                                        {product} {command line}
     intx CICompilerCount                          = 3                                         {product} {ergonomic}
    uintx GCTimeRatio                              = 4                                         {product} {command line}
   size_t InitialHeapSize                          = 104857600                                 {product} {command line}
   size_t MaxHeapSize                              = 1073741824                                {product} {command line}
   size_t MaxNewSize                               = 357564416                                 {product} {ergonomic}
   size_t MinHeapDeltaBytes                        = 524288                                    {product} {ergonomic}
   size_t MinHeapSize                              = 104857600                                 {product} {command line}
   size_t NewSize                                  = 34603008                                  {product} {ergonomic}
    uintx NonNMethodCodeHeapSize                   = 5832780                                {pd product} {ergonomic}
    uintx NonProfiledCodeHeapSize                  = 122912730                              {pd product} {ergonomic}
   size_t OldSize                                  = 70254592                                  {product} {ergonomic}
    uintx ProfiledCodeHeapSize                     = 122912730                              {pd product} {ergonomic}
    uintx ReservedCodeCacheSize                    = 251658240                              {pd product} {ergonomic}
     bool SegmentedCodeCache                       = true                                      {product} {ergonomic}
   size_t SoftMaxHeapSize                          = 1073741824                             {manageable} {ergonomic}
     bool UseCompressedClassPointers               = true                           {product lp64_product} {ergonomic}
     bool UseCompressedOops                        = true                           {product lp64_product} {ergonomic}
     bool UseLargePagesIndividualAllocation        = false                                  {pd product} {ergonomic}
     bool UseParallelGC                            = true                                      {product} {command line}

Logging:
Log output configuration:
 #0: stdout all=off uptime,level,tags
 #1: stderr all=off uptime,level,tags

Environment Variables:
JAVA_HOME=C:\Program Files\Java\jdk-22
CLASSPATH=.;C:\misclases
PATH=C:\Program Files\Common Files\Oracle\Java\javapath;C:\Program Files\Eclipse Adoptium\jre-21.0.3.9-hotspot\bin;C:\Program Files\Eclipse Adoptium\jdk-21.0.3.9-hotspot\bin;C:\Windows\system32;C:\Windows;C:\Windows\System32\Wbem;C:\Windows\System32\WindowsPowerShell\v1.0\;C:\Windows\System32\OpenSSH\;C:\Program Files\Microsoft VS Code\bin;C:\Program Files\Git\cmd;C:\Program Files (x86)\Microsoft SQL Server\160\Tools\Binn\;C:\Program Files\Microsoft SQL Server\160\Tools\Binn\;C:\Program Files\Microsoft SQL Server\Client SDK\ODBC\170\Tools\Binn\;C:\Program Files\Microsoft SQL Server\160\DTS\Binn\;C:\Program Files (x86)\Microsoft SQL Server\160\DTS\Binn\;C:\Program Files\Java\jdk-22\bin;C:\Program Files\apache-maven-3.9.6\bin;C:\Users\nocturno\AppData\Local\Microsoft\WindowsApps;
USERNAME=nocturno
OS=Windows_NT
PROCESSOR_IDENTIFIER=Intel64 Family 6 Model 158 Stepping 10, GenuineIntel
TMP=C:\Users\nocturno\AppData\Local\Temp
TEMP=C:\Users\nocturno\AppData\Local\Temp



Periodic native trim disabled


---------------  S Y S T E M  ---------------

OS:
 Windows 11 , 64 bit Build 22621 (10.0.22621.4391)
OS uptime: 6 days 22:57 hours
Hyper-V role detected

CPU: total 6 (initial active 6) (6 cores per cpu, 1 threads per core) family 6 model 158 stepping 10 microcode 0xf6, cx8, cmov, fxsr, mmx, 3dnowpref, sse, sse2, sse3, ssse3, sse4.1, sse4.2, popcnt, lzcnt, tsc, tscinvbit, avx, avx2, aes, erms, clmul, bmi1, bmi2, adx, fma, vzeroupper, clflush, clflushopt, hv
Processor Information for all 6 processors :
  Max Mhz: 2808, Current Mhz: 2808, Mhz Limit: 2808

Memory: 4k page, system-wide physical 16158M (3694M free)
TotalPageFile size 46988M (AvailPageFile size 3M)
current process WorkingSet (physical memory assigned to process): 155M, peak: 155M
current process commit charge ("private bytes"): 247M, peak: 249M

vm_info: OpenJDK 64-Bit Server VM (17.0.13+11) for windows-amd64 JRE (17.0.13+11), built on Oct 16 2024 00:10:08 by "admin" with MS VC++ 17.7 (VS2022)

END.
